0 verbose cli D:\APP\nodejs\node.exe D:\APP\nodejs\node_modules\npm\bin\npm-cli.js
1 info using npm@11.9.0
2 info using node@v24.14.0
3 silly config load:file:D:\APP\nodejs\node_modules\npm\npmrc
4 silly config load:file:d:\Downloads\中小型制造企业生产执行系统\vue\.npmrc
5 silly config load:file:C:\Users\dn\.npmrc
6 silly config load:file:d:\Downloads\中小型制造企业生产执行系统\vue\D\APP\nodejs\node_global\etc\npmrc
7 verbose title npm view @element-plus/icons-vue@latest description homepage version time
8 verbose argv "view" "--json" "--" "@element-plus/icons-vue@latest" "description" "homepage" "version" "time"
9 verbose logfile logs-max:10 dir:d:\Downloads\中小型制造企业生产执行系统\vue\D\APP\nodejs\node_cache\_logs\2026-05-05T06_56_39_981Z-
10 verbose logfile d:\Downloads\中小型制造企业生产执行系统\vue\D\APP\nodejs\node_cache\_logs\2026-05-05T06_56_39_981Z-debug-0.log
11 silly logfile start cleaning logs, removing 2 files
12 silly logfile done cleaning log files
13 http fetch GET 200 https://registry.npmmirror.com/@element-plus%2ficons-vue 160ms (cache revalidated)
14 verbose cwd d:\Downloads\中小型制造企业生产执行系统\vue
15 verbose os Windows_NT 10.0.22631
16 verbose node v24.14.0
17 verbose npm  v11.9.0
18 verbose exit 0
19 info ok
